SF:lib/data/datasources/data_base_helper.dart
DA:6,6
DA:7,2
DA:9,2
DA:14,2
DA:16,2
DA:18,0
DA:22,0
DA:23,0
DA:24,0
DA:25,0
DA:26,0
DA:27,0
DA:41,1
DA:42,1
DA:43,1
DA:45,1
DA:50,1
DA:51,1
DA:52,1
DA:55,1
DA:59,2
DA:60,2
DA:61,2
DA:62,6
DA:63,2
DA:64,4
DA:65,4
DA:66,4
DA:67,4
DA:68,6
LF:30
LH:23
end_of_record
SF:lib/data/models/movie_model.dart
DA:6,6
DA:14,1
DA:15,1
DA:16,1
DA:17,1
DA:18,1
DA:19,1
DA:23,1
DA:24,1
DA:25,1
DA:26,1
DA:27,1
DA:28,1
DA:29,1
LF:14
LH:14
end_of_record
SF:lib/domain/entities/movie.dart
DA:13,7
DA:21,3
DA:22,18
LF:3
LH:3
end_of_record
SF:lib/core/error/failures.dart
DA:6,1
DA:7,1
LF:2
LH:2
end_of_record
SF:lib/data/datasources/movie_remote_data_source.dart
DA:23,1
DA:26,1
DA:28,2
DA:29,3
DA:32,2
DA:33,2
DA:34,1
DA:35,3
DA:36,1
DA:38,1
DA:43,1
DA:45,2
DA:46,3
DA:49,2
DA:50,0
DA:52,1
LF:16
LH:15
end_of_record
SF:lib/data/repositories/movie_repository_impl.dart
DA:15,1
DA:18,1
DA:21,2
DA:23,3
DA:24,1
DA:25,1
DA:26,1
DA:27,1
DA:29,1
DA:30,1
DA:31,1
DA:32,2
DA:37,0
DA:40,0
DA:41,0
DA:42,0
DA:43,0
DA:44,0
DA:45,0
DA:46,0
DA:47,0
DA:48,0
DA:49,0
DA:51,0
DA:52,0
DA:53,0
LF:26
LH:12
end_of_record
SF:lib/data/models/movie_details_model.dart
DA:6,1
DA:18,0
DA:19,0
DA:20,0
DA:21,0
DA:22,0
DA:23,0
DA:24,0
DA:25,0
DA:26,0
DA:27,0
LF:11
LH:1
end_of_record
SF:lib/domain/entities/movie_details.dart
DA:15,3
DA:26,1
DA:28,9
LF:3
LH:3
end_of_record
SF:lib/domain/usecases/get_movie_details.dart
DA:12,0
DA:15,0
DA:17,0
LF:3
LH:0
end_of_record
SF:lib/domain/usecases/search_movies.dart
DA:12,1
DA:15,1
DA:17,2
LF:3
LH:3
end_of_record
SF:lib/presentation/bloc/movie_bloc.dart
DA:14,1
DA:15,2
DA:17,2
DA:18,2
DA:19,3
DA:21,1
DA:22,0
DA:23,3
DA:28,2
DA:29,2
DA:32,3
DA:34,1
DA:35,0
DA:37,0
DA:39,1
DA:41,2
DA:44,2
DA:50,1
DA:51,0
DA:52,0
DA:54,0
DA:56,0
DA:57,0
DA:58,0
DA:59,0
DA:60,0
DA:63,0
DA:66,0
DA:70,0
DA:73,0
DA:77,2
DA:78,2
DA:81,2
DA:82,2
DA:86,1
DA:87,0
DA:88,0
DA:90,0
DA:93,0
DA:96,0
LF:40
LH:20
end_of_record
SF:lib/presentation/bloc/movie_event.dart
DA:9,1
DA:10,1
DA:20,2
DA:24,1
DA:25,2
DA:35,2
DA:39,1
DA:40,2
DA:48,1
DA:50,1
DA:51,3
DA:61,1
DA:63,1
DA:64,2
LF:14
LH:14
end_of_record
SF:lib/presentation/bloc/movie_state.dart
DA:8,2
DA:9,2
DA:22,2
DA:24,2
DA:25,4
DA:33,2
DA:35,2
DA:36,6
DA:43,1
DA:45,1
DA:46,2
DA:52,2
DA:54,2
DA:55,4
LF:14
LH:14
end_of_record
